Arguments: 
  /Users/williamtetlow/.nvm/versions/node/v16.13.0/bin/node /usr/local/Cellar/yarn/1.22.17_2/libexec/bin/yarn.js init wasm-app www

PATH: 
  /Users/williamtetlow/.rbenv/shims:/Users/williamtetlow/.nvm/versions/node/v16.13.0/bin:/usr/local/bin:/usr/local/bin:/usr/bin:/bin:/usr/sbin:/sbin:/usr/local/go/bin:/usr/local/MacGPG2/bin:/Users/williamtetlow/.rbenv/shims:/Users/williamtetlow/.nvm/versions/node/v16.13.0/bin:/Users/williamtetlow/.cargo/bin

Yarn version: 
  1.22.17

Node version: 
  16.13.0

Platform: 
  darwin x64

Trace: 
  Error: canceled
      at Interface.<anonymous> (/usr/local/Cellar/yarn/1.22.17_2/libexec/lib/cli.js:137143:13)
      at Interface.emit (node:events:390:28)
      at Interface._ttyWrite (node:readline:1081:16)
      at ReadStream.onkeypress (node:readline:288:10)
      at ReadStream.emit (node:events:390:28)
      at emitKeys (node:internal/readline/utils:358:14)
      at emitKeys.next (<anonymous>)
      at ReadStream.onData (node:internal/readline/emitKeypressEvents:61:36)
      at ReadStream.emit (node:events:390:28)
      at addChunk (node:internal/streams/readable:315:12)

npm manifest: 
  No manifest

yarn manifest: 
  No manifest

Lockfile: 
  No lockfile
